  FullTime.h
  main.cpp
D:\Najah-Uni\object oriented polymorphism\Project4\Project4\main.cpp(16,1): warning C4326: return type of 'main' should be 'int' instead of 'void'
D:\Najah-Uni\object oriented polymorphism\Project4\Project4\main.cpp(48,28): warning C4244: '=': conversion from 'double' to 'int', possible loss of data
D:\Najah-Uni\object oriented polymorphism\Project4\Project4\main.cpp(53,24): warning C4018: '<': signed/unsigned mismatch
D:\Najah-Uni\object oriented polymorphism\Project4\Project4\main.cpp(72,28): warning C4244: '=': conversion from 'double' to 'int', possible loss of data
D:\Najah-Uni\object oriented polymorphism\Project4\Project4\main.cpp(75,24): warning C4018: '<': signed/unsigned mismatch
D:\Najah-Uni\object oriented polymorphism\Project4\Project4\main.cpp(90,46): warning C4244: 'argument': conversion from 'double' to 'int', possible loss of data
D:\Najah-Uni\object oriented polymorphism\Project4\Project4\main.cpp(90,40): warning C4244: 'argument': conversion from 'double' to 'int', possible loss of data
D:\Najah-Uni\object oriented polymorphism\Project4\Project4\main.cpp(92,28): warning C4244: '=': conversion from 'double' to 'int', possible loss of data
D:\Najah-Uni\object oriented polymorphism\Project4\Project4\main.cpp(94,24): warning C4018: '<': signed/unsigned mismatch
D:\Najah-Uni\object oriented polymorphism\Project4\Project4\main.cpp(110,46): warning C4244: 'argument': conversion from 'double' to 'int', possible loss of data
D:\Najah-Uni\object oriented polymorphism\Project4\Project4\main.cpp(110,40): warning C4244: 'argument': conversion from 'double' to 'int', possible loss of data
D:\Najah-Uni\object oriented polymorphism\Project4\Project4\main.cpp(112,28): warning C4244: '=': conversion from 'double' to 'int', possible loss of data
D:\Najah-Uni\object oriented polymorphism\Project4\Project4\main.cpp(114,24): warning C4018: '<': signed/unsigned mismatch
D:\Najah-Uni\object oriented polymorphism\Project4\Project4\main.cpp(43,24): warning C4101: 'counter': unreferenced local variable
  PartTime.h
  SalariedEmployee.h
  HourlyEmployee.h
  Manager.h
  Staff.h
  Generating Code...
  Project4.vcxproj -> D:\Najah-Uni\object oriented polymorphism\Project4\Debug\Project4.exe
